[debug] [2020-10-24T01:31:24.141Z] ----------------------------------------------------------------------
[debug] [2020-10-24T01:31:24.143Z] Command:       D:\nodejs\node.exe C:\Users\luise\AppData\Roaming\npm\node_modules\firebase-tools\lib\bin\firebase.js deploy
[debug] [2020-10-24T01:31:24.143Z] CLI Version:   8.11.2
[debug] [2020-10-24T01:31:24.143Z] Platform:      win32
[debug] [2020-10-24T01:31:24.143Z] Node Version:  v12.18.0
[debug] [2020-10-24T01:31:24.145Z] Time:          Fri Oct 23 2020 20:31:24 GMT-0500 (GMT-05:00)
[debug] [2020-10-24T01:31:24.145Z] ----------------------------------------------------------------------
[debug] [2020-10-24T01:31:24.145Z] 
[debug] [2020-10-24T01:31:24.154Z] > command requires scopes: ["email","openid","https://www.googleapis.com/auth/cloudplatformprojects.readonly","https://www.googleapis.com/auth/firebase","https://www.googleapis.com/auth/cloud-platform"]
[debug] [2020-10-24T01:31:24.155Z] > authorizing via signed-in user
[debug] [2020-10-24T01:31:24.155Z] [iam] checking project warrosweb for permissions ["firebase.projects.get","firebasehosting.sites.update"]
[debug] [2020-10-24T01:31:24.158Z] >>> HTTP REQUEST POST https://cloudresourcemanager.googleapis.com/v1/projects/warrosweb:testIamPermissions  
 {"permissions":["firebase.projects.get","firebasehosting.sites.update"]}
[debug] [2020-10-24T01:31:25.422Z] <<< HTTP RESPONSE 200 {"content-type":"application/json; charset=UTF-8","vary":"X-Origin, Referer, Origin,Accept-Encoding","date":"Sat, 24 Oct 2020 01:31:25 GMT","server":"ESF","cache-control":"private","x-xss-protection":"0","x-frame-options":"SAMEORIGIN","x-content-type-options":"nosniff","server-timing":"gfet4t7; dur=619","alt-svc":"h3-Q050=\":443\"; ma=2592000,h3-29=\":443\"; ma=2592000,h3-T051=\":443\"; ma=2592000,h3-T050=\":443\"; ma=2592000,h3-Q046=\":443\"; ma=2592000,h3-Q043=\":443\"; ma=2592000,quic=\":443\"; ma=2592000; v=\"46,43\"","accept-ranges":"none","transfer-encoding":"chunked"}
[debug] [2020-10-24T01:31:25.425Z] >>> HTTP REQUEST GET https://firebase.googleapis.com/v1beta1/projects/warrosweb  
 
[debug] [2020-10-24T01:31:26.179Z] <<< HTTP RESPONSE 200 {"content-type":"application/json; charset=UTF-8","vary":"X-Origin, Referer, Origin,Accept-Encoding","date":"Sat, 24 Oct 2020 01:31:25 GMT","server":"ESF","cache-control":"private","x-xss-protection":"0","x-frame-options":"SAMEORIGIN","x-content-type-options":"nosniff","alt-svc":"h3-Q050=\":443\"; ma=2592000,h3-29=\":443\"; ma=2592000,h3-T051=\":443\"; ma=2592000,h3-T050=\":443\"; ma=2592000,h3-Q046=\":443\"; ma=2592000,h3-Q043=\":443\"; ma=2592000,quic=\":443\"; ma=2592000; v=\"46,43\"","accept-ranges":"none","transfer-encoding":"chunked"}
[info] 
[info] === Deploying to 'warrosweb'...
[info] 
[info] i  deploying hosting 
[debug] [2020-10-24T01:31:26.185Z] >>> HTTP REQUEST POST https://firebasehosting.googleapis.com/v1beta1/sites/warrosweb/versions  
 {"config":{"headers":[{"glob":"**/*.@(eot|otf|ttf|ttc|woff|font.css)","headers":{"Access-Control-Allow-Origin":"*"}}]},"labels":{"deployment-tool":"cli-firebase"}}
[debug] [2020-10-24T01:31:28.006Z] <<< HTTP RESPONSE 200 {"content-type":"application/json; charset=UTF-8","vary":"X-Origin, Referer, Origin,Accept-Encoding","date":"Sat, 24 Oct 2020 01:31:27 GMT","server":"ESF","cache-control":"private","x-xss-protection":"0","x-frame-options":"SAMEORIGIN","x-content-type-options":"nosniff","alt-svc":"h3-Q050=\":443\"; ma=2592000,h3-29=\":443\"; ma=2592000,h3-T051=\":443\"; ma=2592000,h3-T050=\":443\"; ma=2592000,h3-Q046=\":443\"; ma=2592000,h3-Q043=\":443\"; ma=2592000,quic=\":443\"; ma=2592000; v=\"46,43\"","accept-ranges":"none","transfer-encoding":"chunked"}
